#! /usr/bin/vvp
:ivl_version "10.1 (stable)";
:ivl_delay_selection "TYPICAL";
:vpi_time_precision - 3;
:vpi_module "system";
:vpi_module "vhdl_sys";
:vpi_module "v2005_math";
:vpi_module "va_math";
S_0x55f1199f6af0 .scope module, "and2_tb" "and2_tb" 2 4;
 .timescale -1 -3;
v0x55f119a170d0_0 .var "a", 0 0;
v0x55f119a171a0_0 .var "b", 0 0;
v0x55f119a17270_0 .net "out", 0 0, L_0x55f119a17370;  1 drivers
S_0x55f1199f6c70 .scope module, "g" "and2" 2 9, 3 3 0, S_0x55f1199f6af0;
 .timescale -1 -3;
    .port_info 0 /INPUT 1 "a"
    .port_info 1 /INPUT 1 "b"
    .port_info 2 /OUTPUT 1 "y"
L_0x55f119a17370 .functor AND 1, v0x55f119a170d0_0, v0x55f119a171a0_0, C4<1>, C4<1>;
v0x55f1199f6e90_0 .net "a", 0 0, v0x55f119a170d0_0;  1 drivers
v0x55f119a16ef0_0 .net "b", 0 0, v0x55f119a171a0_0;  1 drivers
v0x55f119a16fb0_0 .net "y", 0 0, L_0x55f119a17370;  alias, 1 drivers
    .scope S_0x55f1199f6af0;
T_0 ;
    %vpi_call 2 12 "$dumpfile", "and2.vcd" {0 0 0};
    %vpi_call 2 13 "$dumpvars", 32'sb00000000000000000000000000000000, S_0x55f1199f6af0 {0 0 0};
    %pushi/vec4 0, 0, 1;
    %store/vec4 v0x55f119a170d0_0, 0, 1;
    %pushi/vec4 0, 0, 1;
    %store/vec4 v0x55f119a171a0_0, 0, 1;
    %delay 1000, 0;
    %pushi/vec4 0, 0, 1;
    %store/vec4 v0x55f119a170d0_0, 0, 1;
    %pushi/vec4 1, 0, 1;
    %store/vec4 v0x55f119a171a0_0, 0, 1;
    %delay 1000, 0;
    %pushi/vec4 1, 0, 1;
    %store/vec4 v0x55f119a170d0_0, 0, 1;
    %pushi/vec4 0, 0, 1;
    %store/vec4 v0x55f119a171a0_0, 0, 1;
    %delay 1000, 0;
    %pushi/vec4 1, 0, 1;
    %store/vec4 v0x55f119a170d0_0, 0, 1;
    %pushi/vec4 1, 0, 1;
    %store/vec4 v0x55f119a171a0_0, 0, 1;
    %delay 1000, 0;
    %end;
    .thread T_0;
# The file index is used to find the file name in the following table.
:file_names 4;
    "N/A";
    "<interactive>";
    "and2_tb.v";
    "./and2.v";
