#! /usr/bin/vvp
:ivl_version "10.1 (stable)";
:ivl_delay_selection "TYPICAL";
:vpi_time_precision + 0;
:vpi_module "system";
:vpi_module "vhdl_sys";
:vpi_module "v2005_math";
:vpi_module "va_math";
S_0x55e829596b20 .scope module, "clk" "clk" 2 1;
 .timescale 0 0;
    .port_info 0 /OUTPUT 1 "clock"
v0x55e829596ca0_0 .var "clock", 0 0;
    .scope S_0x55e829596b20;
T_0 ;
    %pushi/vec4 0, 0, 1;
    %store/vec4 v0x55e829596ca0_0, 0, 1;
    %end;
    .thread T_0;
    .scope S_0x55e829596b20;
T_1 ;
    %vpi_call 2 9 "$dumpfile", "clk.vcd" {0 0 0};
    %vpi_call 2 10 "$dumpvars", 32'sb00000000000000000000000000000000, S_0x55e829596b20 {0 0 0};
    %delay 10, 0;
    %load/vec4 v0x55e829596ca0_0;
    %inv;
    %store/vec4 v0x55e829596ca0_0, 0, 1;
    %jmp T_1;
    .thread T_1;
    .scope S_0x55e829596b20;
T_2 ;
    %delay 100, 0;
    %vpi_call 2 19 "$finish" {0 0 0};
    %end;
    .thread T_2;
# The file index is used to find the file name in the following table.
:file_names 3;
    "N/A";
    "<interactive>";
    "clk.v";
