#! /usr/bin/vvp
:ivl_version "10.1 (stable)";
:ivl_delay_selection "TYPICAL";
:vpi_time_precision - 3;
:vpi_module "system";
:vpi_module "vhdl_sys";
:vpi_module "v2005_math";
:vpi_module "va_math";
S_0x55e5eb2e3ef0 .scope module, "counter_tb" "counter_tb" 2 4;
 .timescale -1 -3;
v0x55e5eb304590_0 .var "clk", 0 0;
v0x55e5eb304660_0 .net "count", 3 0, v0x55e5eb304390_0;  1 drivers
v0x55e5eb304730_0 .var "rst", 0 0;
S_0x55e5eb2e4070 .scope module, "uut" "counter" 2 9, 3 1 0, S_0x55e5eb2e3ef0;
 .timescale -1 -3;
    .port_info 0 /INPUT 1 "clk"
    .port_info 1 /INPUT 1 "rst"
    .port_info 2 /OUTPUT 4 "count"
v0x55e5eb2e42b0_0 .net "clk", 0 0, v0x55e5eb304590_0;  1 drivers
v0x55e5eb304390_0 .var "count", 3 0;
v0x55e5eb304470_0 .net "rst", 0 0, v0x55e5eb304730_0;  1 drivers
E_0x55e5eb2dab80 .event posedge, v0x55e5eb2e42b0_0;
    .scope S_0x55e5eb2e4070;
T_0 ;
    %wait E_0x55e5eb2dab80;
    %load/vec4 v0x55e5eb304470_0;
    %flag_set/vec4 8;
    %jmp/0xz  T_0.0, 8;
    %pushi/vec4 0, 0, 4;
    %store/vec4 v0x55e5eb304390_0, 0, 4;
    %jmp T_0.1;
T_0.0 ;
    %load/vec4 v0x55e5eb304390_0;
    %addi 1, 0, 4;
    %store/vec4 v0x55e5eb304390_0, 0, 4;
T_0.1 ;
    %jmp T_0;
    .thread T_0;
    .scope S_0x55e5eb2e3ef0;
T_1 ;
    %vpi_call 2 12 "$dumpfile", "counter.vcd" {0 0 0};
    %vpi_call 2 13 "$dumpvars", 32'sb00000000000000000000000000000000, S_0x55e5eb2e3ef0 {0 0 0};
    %pushi/vec4 0, 0, 1;
    %store/vec4 v0x55e5eb304590_0, 0, 1;
    %pushi/vec4 0, 0, 1;
    %store/vec4 v0x55e5eb304730_0, 0, 1;
    %delay 1000, 0;
    %pushi/vec4 1, 0, 1;
    %store/vec4 v0x55e5eb304590_0, 0, 1;
    %pushi/vec4 1, 0, 1;
    %store/vec4 v0x55e5eb304730_0, 0, 1;
    %delay 1000, 0;
    %pushi/vec4 0, 0, 1;
    %store/vec4 v0x55e5eb304590_0, 0, 1;
    %pushi/vec4 0, 0, 1;
    %store/vec4 v0x55e5eb304730_0, 0, 1;
    %delay 1000, 0;
    %pushi/vec4 1, 0, 1;
    %store/vec4 v0x55e5eb304590_0, 0, 1;
    %pushi/vec4 0, 0, 1;
    %store/vec4 v0x55e5eb304730_0, 0, 1;
    %delay 1000, 0;
    %pushi/vec4 0, 0, 1;
    %store/vec4 v0x55e5eb304590_0, 0, 1;
    %pushi/vec4 0, 0, 1;
    %store/vec4 v0x55e5eb304730_0, 0, 1;
    %delay 1000, 0;
    %pushi/vec4 1, 0, 1;
    %store/vec4 v0x55e5eb304590_0, 0, 1;
    %pushi/vec4 0, 0, 1;
    %store/vec4 v0x55e5eb304730_0, 0, 1;
    %delay 1000, 0;
    %pushi/vec4 0, 0, 1;
    %store/vec4 v0x55e5eb304590_0, 0, 1;
    %pushi/vec4 0, 0, 1;
    %store/vec4 v0x55e5eb304730_0, 0, 1;
    %delay 1000, 0;
    %pushi/vec4 1, 0, 1;
    %store/vec4 v0x55e5eb304590_0, 0, 1;
    %pushi/vec4 0, 0, 1;
    %store/vec4 v0x55e5eb304730_0, 0, 1;
    %delay 1000, 0;
    %pushi/vec4 0, 0, 1;
    %store/vec4 v0x55e5eb304590_0, 0, 1;
    %pushi/vec4 0, 0, 1;
    %store/vec4 v0x55e5eb304730_0, 0, 1;
    %delay 1000, 0;
    %pushi/vec4 1, 0, 1;
    %store/vec4 v0x55e5eb304590_0, 0, 1;
    %pushi/vec4 0, 0, 1;
    %store/vec4 v0x55e5eb304730_0, 0, 1;
    %delay 1000, 0;
    %pushi/vec4 0, 0, 1;
    %store/vec4 v0x55e5eb304590_0, 0, 1;
    %pushi/vec4 0, 0, 1;
    %store/vec4 v0x55e5eb304730_0, 0, 1;
    %delay 1000, 0;
    %pushi/vec4 1, 0, 1;
    %store/vec4 v0x55e5eb304590_0, 0, 1;
    %pushi/vec4 1, 0, 1;
    %store/vec4 v0x55e5eb304730_0, 0, 1;
    %delay 1000, 0;
    %pushi/vec4 0, 0, 1;
    %store/vec4 v0x55e5eb304590_0, 0, 1;
    %pushi/vec4 0, 0, 1;
    %store/vec4 v0x55e5eb304730_0, 0, 1;
    %delay 1000, 0;
    %pushi/vec4 1, 0, 1;
    %store/vec4 v0x55e5eb304590_0, 0, 1;
    %pushi/vec4 0, 0, 1;
    %store/vec4 v0x55e5eb304730_0, 0, 1;
    %delay 1000, 0;
    %pushi/vec4 0, 0, 1;
    %store/vec4 v0x55e5eb304590_0, 0, 1;
    %pushi/vec4 0, 0, 1;
    %store/vec4 v0x55e5eb304730_0, 0, 1;
    %delay 1000, 0;
    %pushi/vec4 1, 0, 1;
    %store/vec4 v0x55e5eb304590_0, 0, 1;
    %pushi/vec4 0, 0, 1;
    %store/vec4 v0x55e5eb304730_0, 0, 1;
    %delay 1000, 0;
    %pushi/vec4 0, 0, 1;
    %store/vec4 v0x55e5eb304590_0, 0, 1;
    %pushi/vec4 0, 0, 1;
    %store/vec4 v0x55e5eb304730_0, 0, 1;
    %delay 1000, 0;
    %end;
    .thread T_1;
# The file index is used to find the file name in the following table.
:file_names 4;
    "N/A";
    "<interactive>";
    "counter_tb.v";
    "./counter.v";
