#! /usr/bin/vvp
:ivl_version "10.1 (stable)";
:ivl_delay_selection "TYPICAL";
:vpi_time_precision - 3;
:vpi_module "system";
:vpi_module "vhdl_sys";
:vpi_module "v2005_math";
:vpi_module "va_math";
S_0x55b3ef611600 .scope module, "dff_tb" "dff_tb" 2 4;
 .timescale -2 -3;
v0x55b3ef631d20_0 .var "clk", 0 0;
v0x55b3ef631de0_0 .var "d", 0 0;
v0x55b3ef631eb0_0 .net "q", 0 0, v0x55b3ef631930_0;  1 drivers
v0x55b3ef631fb0_0 .net "qbar", 0 0, L_0x55b3ef632240;  1 drivers
v0x55b3ef632080_0 .var "reset", 0 0;
v0x55b3ef632170_0 .var "set", 0 0;
S_0x55b3ef611780 .scope module, "uut" "dff" 2 9, 3 1 0, S_0x55b3ef611600;
 .timescale -2 -3;
    .port_info 0 /OUTPUT 1 "q"
    .port_info 1 /OUTPUT 1 "qbar"
    .port_info 2 /INPUT 1 "d"
    .port_info 3 /INPUT 1 "set"
    .port_info 4 /INPUT 1 "reset"
    .port_info 5 /INPUT 1 "clk"
L_0x55b3ef632240 .functor NOT 1, v0x55b3ef631930_0, C4<0>, C4<0>, C4<0>;
v0x55b3ef6119f0_0 .net "clk", 0 0, v0x55b3ef631d20_0;  1 drivers
v0x55b3ef631870_0 .net "d", 0 0, v0x55b3ef631de0_0;  1 drivers
v0x55b3ef631930_0 .var "q", 0 0;
v0x55b3ef6319d0_0 .net "qbar", 0 0, L_0x55b3ef632240;  alias, 1 drivers
v0x55b3ef631a90_0 .net "reset", 0 0, v0x55b3ef632080_0;  1 drivers
v0x55b3ef631ba0_0 .net "set", 0 0, v0x55b3ef632170_0;  1 drivers
E_0x55b3ef608cb0 .event posedge, v0x55b3ef6119f0_0;
    .scope S_0x55b3ef611780;
T_0 ;
    %wait E_0x55b3ef608cb0;
    %load/vec4 v0x55b3ef631a90_0;
    %pad/u 32;
    %cmpi/e 0, 0, 32;
    %jmp/0xz  T_0.0, 4;
    %pushi/vec4 0, 0, 1;
    %assign/vec4 v0x55b3ef631930_0, 0;
    %jmp T_0.1;
T_0.0 ;
    %load/vec4 v0x55b3ef631ba0_0;
    %pad/u 32;
    %cmpi/e 0, 0, 32;
    %jmp/0xz  T_0.2, 4;
    %pushi/vec4 1, 0, 1;
    %assign/vec4 v0x55b3ef631930_0, 0;
    %jmp T_0.3;
T_0.2 ;
    %load/vec4 v0x55b3ef631870_0;
    %assign/vec4 v0x55b3ef631930_0, 0;
T_0.3 ;
T_0.1 ;
    %jmp T_0;
    .thread T_0;
    .scope S_0x55b3ef611600;
T_1 ;
    %pushi/vec4 0, 0, 1;
    %store/vec4 v0x55b3ef631d20_0, 0, 1;
    %end;
    .thread T_1;
    .scope S_0x55b3ef611600;
T_2 ;
    %vpi_call 2 13 "$dumpfile", "dff.vcd" {0 0 0};
    %vpi_call 2 14 "$dumpvars", 32'sb00000000000000000000000000000000, S_0x55b3ef611600 {0 0 0};
    %delay 30, 0;
    %pushi/vec4 0, 0, 1;
    %store/vec4 v0x55b3ef631de0_0, 0, 1;
    %pushi/vec4 1, 0, 1;
    %store/vec4 v0x55b3ef632170_0, 0, 1;
    %pushi/vec4 1, 0, 1;
    %store/vec4 v0x55b3ef632080_0, 0, 1;
    %delay 100, 0;
    %pushi/vec4 1, 0, 1;
    %store/vec4 v0x55b3ef631de0_0, 0, 1;
    %pushi/vec4 0, 0, 1;
    %store/vec4 v0x55b3ef632170_0, 0, 1;
    %pushi/vec4 1, 0, 1;
    %store/vec4 v0x55b3ef632080_0, 0, 1;
    %delay 100, 0;
    %pushi/vec4 1, 0, 1;
    %store/vec4 v0x55b3ef631de0_0, 0, 1;
    %pushi/vec4 1, 0, 1;
    %store/vec4 v0x55b3ef632170_0, 0, 1;
    %pushi/vec4 0, 0, 1;
    %store/vec4 v0x55b3ef632080_0, 0, 1;
    %delay 100, 0;
    %pushi/vec4 0, 0, 1;
    %store/vec4 v0x55b3ef631de0_0, 0, 1;
    %pushi/vec4 0, 0, 1;
    %store/vec4 v0x55b3ef632170_0, 0, 1;
    %pushi/vec4 0, 0, 1;
    %store/vec4 v0x55b3ef632080_0, 0, 1;
    %delay 100, 0;
    %end;
    .thread T_2;
    .scope S_0x55b3ef611600;
T_3 ;
    %load/vec4 v0x55b3ef631d20_0;
    %inv;
    %store/vec4 v0x55b3ef631d20_0, 0, 1;
    %delay 40, 0;
    %jmp T_3;
    .thread T_3;
    .scope S_0x55b3ef611600;
T_4 ;
    %delay 1000, 0;
    %vpi_call 2 29 "$finish" {0 0 0};
    %end;
    .thread T_4;
# The file index is used to find the file name in the following table.
:file_names 4;
    "N/A";
    "<interactive>";
    "dff_tb.v";
    "./dff.v";
