#! /usr/bin/vvp
:ivl_version "10.1 (stable)";
:ivl_delay_selection "TYPICAL";
:vpi_time_precision - 3;
:vpi_module "system";
:vpi_module "vhdl_sys";
:vpi_module "v2005_math";
:vpi_module "va_math";
S_0x5588abc11e20 .scope module, "mux_b_tb" "mux_b_tb" 2 4;
 .timescale -1 -3;
v0x5588abc32460_0 .var "in", 15 0;
v0x5588abc32550_0 .net "out", 0 0, L_0x5588abc32720;  1 drivers
v0x5588abc32620_0 .var "sel", 3 0;
S_0x5588abc11fa0 .scope module, "uut" "mux_b" 2 10, 3 1 0, S_0x5588abc11e20;
 .timescale -1 -3;
    .port_info 0 /INPUT 16 "in"
    .port_info 1 /INPUT 4 "sel"
    .port_info 2 /OUTPUT 1 "out"
v0x5588abc121c0_0 .net "in", 15 0, v0x5588abc32460_0;  1 drivers
v0x5588abc32260_0 .net "out", 0 0, L_0x5588abc32720;  alias, 1 drivers
v0x5588abc32320_0 .net "sel", 3 0, v0x5588abc32620_0;  1 drivers
L_0x5588abc32720 .part/v v0x5588abc32460_0, v0x5588abc32620_0, 1;
    .scope S_0x5588abc11e20;
T_0 ;
    %vpi_call 2 13 "$dumpfile", "mux_b.vcd" {0 0 0};
    %vpi_call 2 14 "$dumpvars", 32'sb00000000000000000000000000000000, S_0x5588abc11e20 {0 0 0};
    %pushi/vec4 9685, 0, 16;
    %store/vec4 v0x5588abc32460_0, 0, 16;
    %pushi/vec4 0, 0, 4;
    %store/vec4 v0x5588abc32620_0, 0, 4;
    %delay 1000, 0;
    %pushi/vec4 1, 0, 4;
    %store/vec4 v0x5588abc32620_0, 0, 4;
    %delay 1000, 0;
    %pushi/vec4 2, 0, 4;
    %store/vec4 v0x5588abc32620_0, 0, 4;
    %delay 1000, 0;
    %pushi/vec4 3, 0, 4;
    %store/vec4 v0x5588abc32620_0, 0, 4;
    %delay 1000, 0;
    %pushi/vec4 4, 0, 4;
    %store/vec4 v0x5588abc32620_0, 0, 4;
    %delay 1000, 0;
    %pushi/vec4 5, 0, 4;
    %store/vec4 v0x5588abc32620_0, 0, 4;
    %delay 1000, 0;
    %pushi/vec4 6, 0, 4;
    %store/vec4 v0x5588abc32620_0, 0, 4;
    %delay 1000, 0;
    %pushi/vec4 7, 0, 4;
    %store/vec4 v0x5588abc32620_0, 0, 4;
    %delay 1000, 0;
    %pushi/vec4 8, 0, 4;
    %store/vec4 v0x5588abc32620_0, 0, 4;
    %delay 1000, 0;
    %pushi/vec4 15, 0, 4;
    %store/vec4 v0x5588abc32620_0, 0, 4;
    %delay 1000, 0;
    %pushi/vec4 14, 0, 4;
    %store/vec4 v0x5588abc32620_0, 0, 4;
    %delay 1000, 0;
    %pushi/vec4 13, 0, 4;
    %store/vec4 v0x5588abc32620_0, 0, 4;
    %delay 1000, 0;
    %pushi/vec4 12, 0, 4;
    %store/vec4 v0x5588abc32620_0, 0, 4;
    %delay 1000, 0;
    %end;
    .thread T_0;
# The file index is used to find the file name in the following table.
:file_names 4;
    "N/A";
    "<interactive>";
    "mux_b_tb.v";
    "./mux_b.v";
