#! /usr/bin/vvp
:ivl_version "10.1 (stable)";
:ivl_delay_selection "TYPICAL";
:vpi_time_precision - 3;
:vpi_module "system";
:vpi_module "vhdl_sys";
:vpi_module "v2005_math";
:vpi_module "va_math";
S_0x5624ccc50a70 .scope module, "pcounter_tb" "pcounter_tb" 2 4;
 .timescale -1 -3;
P_0x5624ccc50bf0 .param/l "N" 0 2 5, +C4<00000000000000000000000000000111>;
v0x5624ccc71270_0 .var "clear", 0 0;
v0x5624ccc71340_0 .var "clock", 0 0;
v0x5624ccc71410_0 .net "count", 0 7, v0x5624ccc71100_0;  1 drivers
S_0x5624ccc50c90 .scope module, "uut" "pcounter" 2 9, 3 3 0, S_0x5624ccc50a70;
 .timescale -1 -3;
    .port_info 0 /INPUT 1 "clear"
    .port_info 1 /INPUT 1 "clock"
    .port_info 2 /OUTPUT 8 "count"
P_0x5624ccc50e60 .param/l "N" 0 3 4, +C4<00000000000000000000000000000111>;
v0x5624ccc50fa0_0 .net "clear", 0 0, v0x5624ccc71270_0;  1 drivers
v0x5624ccc71040_0 .net "clock", 0 0, v0x5624ccc71340_0;  1 drivers
v0x5624ccc71100_0 .var "count", 0 7;
E_0x5624ccc469f0 .event posedge, v0x5624ccc50fa0_0, v0x5624ccc71040_0;
    .scope S_0x5624ccc50c90;
T_0 ;
    %wait E_0x5624ccc469f0;
    %load/vec4 v0x5624ccc50fa0_0;
    %flag_set/vec4 8;
    %jmp/0xz  T_0.0, 8;
    %pushi/vec4 0, 0, 8;
    %assign/vec4 v0x5624ccc71100_0, 0;
    %jmp T_0.1;
T_0.0 ;
    %load/vec4 v0x5624ccc71100_0;
    %addi 1, 0, 8;
    %assign/vec4 v0x5624ccc71100_0, 0;
T_0.1 ;
    %jmp T_0;
    .thread T_0;
    .scope S_0x5624ccc50a70;
T_1 ;
    %vpi_call 2 12 "$dumpfile", "pcounter.vcd" {0 0 0};
    %vpi_call 2 13 "$dumpvars", 32'sb00000000000000000000000000000000, S_0x5624ccc50a70 {0 0 0};
    %pushi/vec4 1, 0, 1;
    %store/vec4 v0x5624ccc71340_0, 0, 1;
    %pushi/vec4 1, 0, 1;
    %store/vec4 v0x5624ccc71270_0, 0, 1;
    %delay 1000, 0;
    %pushi/vec4 0, 0, 1;
    %store/vec4 v0x5624ccc71340_0, 0, 1;
    %pushi/vec4 0, 0, 1;
    %store/vec4 v0x5624ccc71270_0, 0, 1;
    %delay 1000, 0;
    %pushi/vec4 1, 0, 1;
    %store/vec4 v0x5624ccc71340_0, 0, 1;
    %pushi/vec4 0, 0, 1;
    %store/vec4 v0x5624ccc71270_0, 0, 1;
    %delay 1000, 0;
    %pushi/vec4 0, 0, 1;
    %store/vec4 v0x5624ccc71340_0, 0, 1;
    %pushi/vec4 0, 0, 1;
    %store/vec4 v0x5624ccc71270_0, 0, 1;
    %delay 1000, 0;
    %pushi/vec4 1, 0, 1;
    %store/vec4 v0x5624ccc71340_0, 0, 1;
    %pushi/vec4 0, 0, 1;
    %store/vec4 v0x5624ccc71270_0, 0, 1;
    %delay 1000, 0;
    %pushi/vec4 0, 0, 1;
    %store/vec4 v0x5624ccc71340_0, 0, 1;
    %pushi/vec4 0, 0, 1;
    %store/vec4 v0x5624ccc71270_0, 0, 1;
    %delay 1000, 0;
    %pushi/vec4 1, 0, 1;
    %store/vec4 v0x5624ccc71340_0, 0, 1;
    %pushi/vec4 0, 0, 1;
    %store/vec4 v0x5624ccc71270_0, 0, 1;
    %delay 1000, 0;
    %pushi/vec4 0, 0, 1;
    %store/vec4 v0x5624ccc71340_0, 0, 1;
    %pushi/vec4 0, 0, 1;
    %store/vec4 v0x5624ccc71270_0, 0, 1;
    %delay 1000, 0;
    %pushi/vec4 1, 0, 1;
    %store/vec4 v0x5624ccc71340_0, 0, 1;
    %pushi/vec4 0, 0, 1;
    %store/vec4 v0x5624ccc71270_0, 0, 1;
    %delay 1000, 0;
    %pushi/vec4 0, 0, 1;
    %store/vec4 v0x5624ccc71340_0, 0, 1;
    %pushi/vec4 0, 0, 1;
    %store/vec4 v0x5624ccc71270_0, 0, 1;
    %delay 1000, 0;
    %pushi/vec4 1, 0, 1;
    %store/vec4 v0x5624ccc71340_0, 0, 1;
    %pushi/vec4 0, 0, 1;
    %store/vec4 v0x5624ccc71270_0, 0, 1;
    %delay 1000, 0;
    %pushi/vec4 0, 0, 1;
    %store/vec4 v0x5624ccc71340_0, 0, 1;
    %pushi/vec4 0, 0, 1;
    %store/vec4 v0x5624ccc71270_0, 0, 1;
    %delay 1000, 0;
    %pushi/vec4 1, 0, 1;
    %store/vec4 v0x5624ccc71340_0, 0, 1;
    %pushi/vec4 0, 0, 1;
    %store/vec4 v0x5624ccc71270_0, 0, 1;
    %delay 1000, 0;
    %pushi/vec4 1, 0, 1;
    %store/vec4 v0x5624ccc71340_0, 0, 1;
    %pushi/vec4 1, 0, 1;
    %store/vec4 v0x5624ccc71270_0, 0, 1;
    %delay 1000, 0;
    %pushi/vec4 0, 0, 1;
    %store/vec4 v0x5624ccc71340_0, 0, 1;
    %pushi/vec4 0, 0, 1;
    %store/vec4 v0x5624ccc71270_0, 0, 1;
    %delay 1000, 0;
    %pushi/vec4 1, 0, 1;
    %store/vec4 v0x5624ccc71340_0, 0, 1;
    %pushi/vec4 0, 0, 1;
    %store/vec4 v0x5624ccc71270_0, 0, 1;
    %delay 1000, 0;
    %pushi/vec4 0, 0, 1;
    %store/vec4 v0x5624ccc71340_0, 0, 1;
    %pushi/vec4 0, 0, 1;
    %store/vec4 v0x5624ccc71270_0, 0, 1;
    %delay 1000, 0;
    %pushi/vec4 1, 0, 1;
    %store/vec4 v0x5624ccc71340_0, 0, 1;
    %pushi/vec4 0, 0, 1;
    %store/vec4 v0x5624ccc71270_0, 0, 1;
    %delay 1000, 0;
    %end;
    .thread T_1;
# The file index is used to find the file name in the following table.
:file_names 4;
    "N/A";
    "<interactive>";
    "pcounter_tb.v";
    "./pcounter.v";
