#! /usr/bin/vvp
:ivl_version "10.1 (stable)";
:ivl_delay_selection "TYPICAL";
:vpi_time_precision - 3;
:vpi_module "system";
:vpi_module "vhdl_sys";
:vpi_module "v2005_math";
:vpi_module "va_math";
S_0x563d55cd7480 .scope module, "alu_tb" "alu_tb" 2 4;
 .timescale -1 -3;
v0x563d55cf8b00_0 .net "carry", 0 0, L_0x563d55cf9140;  1 drivers
v0x563d55cf8bc0_0 .net "overflow", 0 0, L_0x563d55cfa570;  1 drivers
v0x563d55cf8c60_0 .net "parity", 0 0, L_0x563d55cf99f0;  1 drivers
v0x563d55cf8d60_0 .net "sign", 0 0, L_0x563d55cf97d0;  1 drivers
v0x563d55cf8e30_0 .var "x", 15 0;
v0x563d55cf8ed0_0 .var "y", 15 0;
v0x563d55cf8fa0_0 .net "z", 15 0, L_0x563d55cf9230;  1 drivers
v0x563d55cf9070_0 .net "zero", 0 0, L_0x563d55cf9900;  1 drivers
S_0x563d55cd7600 .scope module, "uut" "alu" 2 9, 3 1 0, S_0x563d55cd7480;
 .timescale -1 -3;
    .port_info 0 /INPUT 16 "x"
    .port_info 1 /INPUT 16 "y"
    .port_info 2 /OUTPUT 16 "z"
    .port_info 3 /OUTPUT 1 "sign"
    .port_info 4 /OUTPUT 1 "zero"
    .port_info 5 /OUTPUT 1 "carry"
    .port_info 6 /OUTPUT 1 "parity"
    .port_info 7 /OUTPUT 1 "overflow"
L_0x563d55cf96c0 .functor AND 1, L_0x563d55cf9ae0, L_0x563d55cf9b80, C4<1>, C4<1>;
L_0x563d55cf9d70 .functor NOT 1, L_0x563d55cf9cd0, C4<0>, C4<0>, C4<0>;
L_0x563d55cf9e30 .functor AND 1, L_0x563d55cf96c0, L_0x563d55cf9d70, C4<1>, C4<1>;
L_0x563d55cfa050 .functor NOT 1, L_0x563d55cf9f40, C4<0>, C4<0>, C4<0>;
L_0x563d55cfa1f0 .functor NOT 1, L_0x563d55cfa0c0, C4<0>, C4<0>, C4<0>;
L_0x563d55cfa260 .functor AND 1, L_0x563d55cfa050, L_0x563d55cfa1f0, C4<1>, C4<1>;
L_0x563d55cf9fe0 .functor AND 1, L_0x563d55cfa260, L_0x563d55cfa3b0, C4<1>, C4<1>;
L_0x563d55cfa570 .functor OR 1, L_0x563d55cf9e30, L_0x563d55cf9fe0, C4<0>, C4<0>;
L_0x7efc73e06060 .functor BUFT 1, C4<0>, C4<0>, C4<0>, C4<0>;
v0x563d55cd7850_0 .net *"_s10", 0 0, L_0x7efc73e06060;  1 drivers
v0x563d55cf7490_0 .net *"_s11", 16 0, L_0x563d55cf9620;  1 drivers
v0x563d55cf7570_0 .net *"_s20", 0 0, L_0x563d55cf9ae0;  1 drivers
v0x563d55cf7630_0 .net *"_s22", 0 0, L_0x563d55cf9b80;  1 drivers
v0x563d55cf7710_0 .net *"_s23", 0 0, L_0x563d55cf96c0;  1 drivers
v0x563d55cf7840_0 .net *"_s26", 0 0, L_0x563d55cf9cd0;  1 drivers
v0x563d55cf7920_0 .net *"_s27", 0 0, L_0x563d55cf9d70;  1 drivers
v0x563d55cf7a00_0 .net *"_s29", 0 0, L_0x563d55cf9e30;  1 drivers
v0x563d55cf7ae0_0 .net *"_s3", 16 0, L_0x563d55cf9370;  1 drivers
v0x563d55cf7bc0_0 .net *"_s32", 0 0, L_0x563d55cf9f40;  1 drivers
v0x563d55cf7ca0_0 .net *"_s33", 0 0, L_0x563d55cfa050;  1 drivers
v0x563d55cf7d80_0 .net *"_s36", 0 0, L_0x563d55cfa0c0;  1 drivers
v0x563d55cf7e60_0 .net *"_s37", 0 0, L_0x563d55cfa1f0;  1 drivers
v0x563d55cf7f40_0 .net *"_s39", 0 0, L_0x563d55cfa260;  1 drivers
v0x563d55cf8020_0 .net *"_s42", 0 0, L_0x563d55cfa3b0;  1 drivers
v0x563d55cf8100_0 .net *"_s43", 0 0, L_0x563d55cf9fe0;  1 drivers
L_0x7efc73e06018 .functor BUFT 1, C4<0>, C4<0>, C4<0>, C4<0>;
v0x563d55cf81e0_0 .net *"_s6", 0 0, L_0x7efc73e06018;  1 drivers
v0x563d55cf82c0_0 .net *"_s7", 16 0, L_0x563d55cf94b0;  1 drivers
v0x563d55cf83a0_0 .net "carry", 0 0, L_0x563d55cf9140;  alias, 1 drivers
v0x563d55cf8460_0 .net "overflow", 0 0, L_0x563d55cfa570;  alias, 1 drivers
v0x563d55cf8520_0 .net "parity", 0 0, L_0x563d55cf99f0;  alias, 1 drivers
v0x563d55cf85e0_0 .net "sign", 0 0, L_0x563d55cf97d0;  alias, 1 drivers
v0x563d55cf86a0_0 .net "x", 15 0, v0x563d55cf8e30_0;  1 drivers
v0x563d55cf8780_0 .net "y", 15 0, v0x563d55cf8ed0_0;  1 drivers
v0x563d55cf8860_0 .net "z", 15 0, L_0x563d55cf9230;  alias, 1 drivers
v0x563d55cf8940_0 .net "zero", 0 0, L_0x563d55cf9900;  alias, 1 drivers
L_0x563d55cf9140 .part L_0x563d55cf9620, 16, 1;
L_0x563d55cf9230 .part L_0x563d55cf9620, 0, 16;
L_0x563d55cf9370 .concat [ 16 1 0 0], v0x563d55cf8e30_0, L_0x7efc73e06018;
L_0x563d55cf94b0 .concat [ 16 1 0 0], v0x563d55cf8ed0_0, L_0x7efc73e06060;
L_0x563d55cf9620 .arith/sum 17, L_0x563d55cf9370, L_0x563d55cf94b0;
L_0x563d55cf97d0 .part L_0x563d55cf9230, 15, 1;
L_0x563d55cf9900 .reduce/nor L_0x563d55cf9230;
L_0x563d55cf99f0 .reduce/xnor L_0x563d55cf9230;
L_0x563d55cf9ae0 .part v0x563d55cf8e30_0, 15, 1;
L_0x563d55cf9b80 .part v0x563d55cf8ed0_0, 15, 1;
L_0x563d55cf9cd0 .part L_0x563d55cf9230, 15, 1;
L_0x563d55cf9f40 .part v0x563d55cf8e30_0, 15, 1;
L_0x563d55cfa0c0 .part v0x563d55cf8ed0_0, 15, 1;
L_0x563d55cfa3b0 .part L_0x563d55cf9230, 15, 1;
    .scope S_0x563d55cd7480;
T_0 ;
    %vpi_call 2 12 "$dumpfile", "alu.vcd" {0 0 0};
    %vpi_call 2 13 "$dumpvars", 32'sb00000000000000000000000000000000, S_0x563d55cd7480 {0 0 0};
    %delay 500, 0;
    %pushi/vec4 36863, 0, 16;
    %store/vec4 v0x563d55cf8e30_0, 0, 16;
    %pushi/vec4 32768, 0, 16;
    %store/vec4 v0x563d55cf8ed0_0, 0, 16;
    %delay 500, 0;
    %pushi/vec4 65534, 0, 16;
    %store/vec4 v0x563d55cf8e30_0, 0, 16;
    %pushi/vec4 2, 0, 16;
    %store/vec4 v0x563d55cf8ed0_0, 0, 16;
    %delay 500, 0;
    %pushi/vec4 43690, 0, 16;
    %store/vec4 v0x563d55cf8e30_0, 0, 16;
    %pushi/vec4 21845, 0, 16;
    %store/vec4 v0x563d55cf8ed0_0, 0, 16;
    %delay 500, 0;
    %vpi_call 2 19 "$finish" {0 0 0};
    %end;
    .thread T_0;
# The file index is used to find the file name in the following table.
:file_names 4;
    "N/A";
    "<interactive>";
    "alu_tb.v";
    "./alu.v";
