#! /usr/bin/vvp
:ivl_version "10.1 (stable)";
:ivl_delay_selection "TYPICAL";
:vpi_time_precision - 3;
:vpi_module "system";
:vpi_module "vhdl_sys";
:vpi_module "v2005_math";
:vpi_module "va_math";
S_0x55a9d7ea7eb0 .scope module, "counter_tb" "counter_tb" 2 4;
 .timescale -2 -3;
v0x55a9d7ec8470_0 .var "clk", 0 0;
v0x55a9d7ec8540_0 .net "count", 3 0, v0x55a9d7ec8270_0;  1 drivers
v0x55a9d7ec8610_0 .var "rst", 0 0;
S_0x55a9d7ea8030 .scope module, "uut" "counter" 2 8, 3 1 0, S_0x55a9d7ea7eb0;
 .timescale -2 -3;
    .port_info 0 /INPUT 1 "rst"
    .port_info 1 /INPUT 1 "clk"
    .port_info 2 /OUTPUT 4 "count"
v0x55a9d7ea8250_0 .net "clk", 0 0, v0x55a9d7ec8470_0;  1 drivers
v0x55a9d7ec8270_0 .var "count", 3 0;
v0x55a9d7ec8350_0 .net "rst", 0 0, v0x55a9d7ec8610_0;  1 drivers
E_0x55a9d7ea4060 .event posedge, v0x55a9d7ea8250_0;
    .scope S_0x55a9d7ea8030;
T_0 ;
    %pushi/vec4 0, 0, 4;
    %store/vec4 v0x55a9d7ec8270_0, 0, 4;
    %end;
    .thread T_0;
    .scope S_0x55a9d7ea8030;
T_1 ;
    %wait E_0x55a9d7ea4060;
    %load/vec4 v0x55a9d7ec8350_0;
    %flag_set/vec4 8;
    %jmp/0xz  T_1.0, 8;
    %pushi/vec4 0, 0, 4;
    %store/vec4 v0x55a9d7ec8270_0, 0, 4;
    %jmp T_1.1;
T_1.0 ;
    %load/vec4 v0x55a9d7ec8270_0;
    %addi 1, 0, 4;
    %store/vec4 v0x55a9d7ec8270_0, 0, 4;
T_1.1 ;
    %jmp T_1;
    .thread T_1;
    .scope S_0x55a9d7ea7eb0;
T_2 ;
    %pushi/vec4 0, 0, 1;
    %store/vec4 v0x55a9d7ec8610_0, 0, 1;
    %end;
    .thread T_2;
    .scope S_0x55a9d7ea7eb0;
T_3 ;
    %pushi/vec4 0, 0, 1;
    %store/vec4 v0x55a9d7ec8470_0, 0, 1;
    %end;
    .thread T_3;
    .scope S_0x55a9d7ea7eb0;
T_4 ;
    %vpi_call 2 11 "$dumpfile", "counter.vcd" {0 0 0};
    %vpi_call 2 12 "$dumpvars", 32'sb00000000000000000000000000000000, S_0x55a9d7ea7eb0 {0 0 0};
    %end;
    .thread T_4;
    .scope S_0x55a9d7ea7eb0;
T_5 ;
    %load/vec4 v0x55a9d7ec8610_0;
    %inv;
    %store/vec4 v0x55a9d7ec8610_0, 0, 1;
    %delay 250, 0;
    %jmp T_5;
    .thread T_5;
    .scope S_0x55a9d7ea7eb0;
T_6 ;
    %load/vec4 v0x55a9d7ec8470_0;
    %inv;
    %store/vec4 v0x55a9d7ec8470_0, 0, 1;
    %delay 40, 0;
    %jmp T_6;
    .thread T_6;
    .scope S_0x55a9d7ea7eb0;
T_7 ;
    %delay 1000, 0;
    %vpi_call 2 26 "$finish" {0 0 0};
    %end;
    .thread T_7;
# The file index is used to find the file name in the following table.
:file_names 4;
    "N/A";
    "<interactive>";
    "counter_tb.v";
    "./counter.v";
