#! /usr/bin/vvp
:ivl_version "10.1 (stable)";
:ivl_delay_selection "TYPICAL";
:vpi_time_precision - 3;
:vpi_module "system";
:vpi_module "vhdl_sys";
:vpi_module "v2005_math";
:vpi_module "va_math";
S_0x55de58d97bb0 .scope module, "dff_tb" "dff_tb" 2 4;
 .timescale -2 -3;
v0x55de58db8290_0 .var "clk", 0 0;
v0x55de58db8350_0 .var "d", 0 0;
v0x55de58db8420_0 .net "q", 0 0, v0x55de58db8050_0;  1 drivers
v0x55de58db8520_0 .net "qbar", 0 0, v0x55de58db8120_0;  1 drivers
S_0x55de58d97d30 .scope module, "uut" "dff" 2 8, 3 1 0, S_0x55de58d97bb0;
 .timescale -2 -3;
    .port_info 0 /INPUT 1 "d"
    .port_info 1 /INPUT 1 "clk"
    .port_info 2 /OUTPUT 1 "q"
    .port_info 3 /OUTPUT 1 "qbar"
v0x55de58d97f70_0 .net "clk", 0 0, v0x55de58db8290_0;  1 drivers
v0x55de58db7f90_0 .net "d", 0 0, v0x55de58db8350_0;  1 drivers
v0x55de58db8050_0 .var "q", 0 0;
v0x55de58db8120_0 .var "qbar", 0 0;
E_0x55de58d93db0 .event posedge, v0x55de58d97f70_0;
    .scope S_0x55de58d97d30;
T_0 ;
    %wait E_0x55de58d93db0;
    %load/vec4 v0x55de58db7f90_0;
    %store/vec4 v0x55de58db8050_0, 0, 1;
    %load/vec4 v0x55de58db7f90_0;
    %inv;
    %store/vec4 v0x55de58db8120_0, 0, 1;
    %jmp T_0;
    .thread T_0;
    .scope S_0x55de58d97bb0;
T_1 ;
    %pushi/vec4 0, 0, 1;
    %store/vec4 v0x55de58db8350_0, 0, 1;
    %end;
    .thread T_1;
    .scope S_0x55de58d97bb0;
T_2 ;
    %pushi/vec4 0, 0, 1;
    %store/vec4 v0x55de58db8290_0, 0, 1;
    %end;
    .thread T_2;
    .scope S_0x55de58d97bb0;
T_3 ;
    %vpi_call 2 11 "$dumpfile", "dff.vcd" {0 0 0};
    %vpi_call 2 12 "$dumpvars", 32'sb00000000000000000000000000000000, S_0x55de58d97bb0 {0 0 0};
    %end;
    .thread T_3;
    .scope S_0x55de58d97bb0;
T_4 ;
    %delay 70, 0;
    %load/vec4 v0x55de58db8350_0;
    %inv;
    %store/vec4 v0x55de58db8350_0, 0, 1;
    %jmp T_4;
    .thread T_4;
    .scope S_0x55de58d97bb0;
T_5 ;
    %load/vec4 v0x55de58db8290_0;
    %inv;
    %store/vec4 v0x55de58db8290_0, 0, 1;
    %delay 30, 0;
    %jmp T_5;
    .thread T_5;
    .scope S_0x55de58d97bb0;
T_6 ;
    %delay 1000, 0;
    %vpi_call 2 26 "$finish" {0 0 0};
    %end;
    .thread T_6;
# The file index is used to find the file name in the following table.
:file_names 4;
    "N/A";
    "<interactive>";
    "dff_tb.v";
    "./dff.v";
