#! /usr/bin/vvp
:ivl_version "10.1 (stable)";
:ivl_delay_selection "TYPICAL";
:vpi_time_precision - 3;
:vpi_module "system";
:vpi_module "vhdl_sys";
:vpi_module "v2005_math";
:vpi_module "va_math";
S_0x55778707a110 .scope module, "ledfsm_tb" "ledfsm_tb" 2 4;
 .timescale -2 -3;
v0x55778709aa40_0 .var "clk", 0 0;
v0x55778709ab10_0 .net "light", 2 0, v0x55778709a810_0;  1 drivers
S_0x55778707a290 .scope module, "dut" "ledfsmopt" 2 9, 3 1 0, S_0x55778707a110;
 .timescale -2 -3;
    .port_info 0 /INPUT 1 "clk"
    .port_info 1 /OUTPUT 3 "light"
P_0x55778707a460 .param/l "blue" 0 3 7, C4<010>;
P_0x55778707a4a0 .param/l "green" 0 3 7, C4<100>;
P_0x55778707a4e0 .param/l "red" 0 3 7, C4<001>;
P_0x55778707a520 .param/l "s0" 0 3 6, +C4<00000000000000000000000000000000>;
P_0x55778707a560 .param/l "s1" 0 3 6, +C4<00000000000000000000000000000001>;
P_0x55778707a5a0 .param/l "s2" 0 3 6, +C4<00000000000000000000000000000010>;
v0x557787078420_0 .net "clk", 0 0, v0x55778709aa40_0;  1 drivers
v0x55778709a810_0 .var "light", 2 0;
v0x55778709a8f0_0 .var "state", 1 0;
E_0x557787073e30 .event posedge, v0x557787078420_0;
    .scope S_0x55778707a290;
T_0 ;
    %wait E_0x557787073e30;
    %load/vec4 v0x55778709a8f0_0;
    %dup/vec4;
    %pushi/vec4 0, 0, 2;
    %cmp/u;
    %jmp/1 T_0.0, 6;
    %dup/vec4;
    %pushi/vec4 1, 0, 2;
    %cmp/u;
    %jmp/1 T_0.1, 6;
    %dup/vec4;
    %pushi/vec4 2, 0, 2;
    %cmp/u;
    %jmp/1 T_0.2, 6;
    %pushi/vec4 0, 0, 2;
    %assign/vec4 v0x55778709a8f0_0, 0;
    %jmp T_0.4;
T_0.0 ;
    %pushi/vec4 1, 0, 2;
    %assign/vec4 v0x55778709a8f0_0, 0;
    %jmp T_0.4;
T_0.1 ;
    %pushi/vec4 2, 0, 2;
    %assign/vec4 v0x55778709a8f0_0, 0;
    %jmp T_0.4;
T_0.2 ;
    %pushi/vec4 0, 0, 2;
    %assign/vec4 v0x55778709a8f0_0, 0;
    %jmp T_0.4;
T_0.4 ;
    %pop/vec4 1;
    %jmp T_0;
    .thread T_0;
    .scope S_0x55778707a290;
T_1 ;
    %wait E_0x557787073e30;
    %load/vec4 v0x55778709a8f0_0;
    %dup/vec4;
    %pushi/vec4 0, 0, 2;
    %cmp/u;
    %jmp/1 T_1.0, 6;
    %dup/vec4;
    %pushi/vec4 1, 0, 2;
    %cmp/u;
    %jmp/1 T_1.1, 6;
    %dup/vec4;
    %pushi/vec4 2, 0, 2;
    %cmp/u;
    %jmp/1 T_1.2, 6;
    %pushi/vec4 1, 0, 3;
    %assign/vec4 v0x55778709a810_0, 0;
    %jmp T_1.4;
T_1.0 ;
    %pushi/vec4 2, 0, 3;
    %assign/vec4 v0x55778709a810_0, 0;
    %jmp T_1.4;
T_1.1 ;
    %pushi/vec4 4, 0, 3;
    %assign/vec4 v0x55778709a810_0, 0;
    %jmp T_1.4;
T_1.2 ;
    %pushi/vec4 1, 0, 3;
    %assign/vec4 v0x55778709a810_0, 0;
    %jmp T_1.4;
T_1.4 ;
    %pop/vec4 1;
    %jmp T_1;
    .thread T_1;
    .scope S_0x55778707a110;
T_2 ;
    %pushi/vec4 0, 0, 1;
    %store/vec4 v0x55778709aa40_0, 0, 1;
    %vpi_call 2 13 "$dumpfile", "ledfsm.vcd" {0 0 0};
    %vpi_call 2 14 "$dumpvars", 32'sb00000000000000000000000000000000, S_0x55778707a110 {0 0 0};
    %delay 1000, 0;
    %vpi_call 2 17 "$finish" {0 0 0};
    %end;
    .thread T_2;
    .scope S_0x55778707a110;
T_3 ;
    %delay 50, 0;
    %load/vec4 v0x55778709aa40_0;
    %inv;
    %store/vec4 v0x55778709aa40_0, 0, 1;
    %jmp T_3;
    .thread T_3;
# The file index is used to find the file name in the following table.
:file_names 4;
    "N/A";
    "<interactive>";
    "ledfsm_tb.v";
    "./ledfsmopt.v";
