#! /usr/bin/vvp
:ivl_version "10.1 (stable)";
:ivl_delay_selection "TYPICAL";
:vpi_time_precision - 3;
:vpi_module "system";
:vpi_module "vhdl_sys";
:vpi_module "v2005_math";
:vpi_module "va_math";
S_0x55a6fca601a0 .scope module, "ledfsm_tb" "ledfsm_tb" 2 4;
 .timescale -2 -3;
v0x55a6fca80b50_0 .var "clk", 0 0;
v0x55a6fca80c20_0 .net "light", 2 0, v0x55a6fca80920_0;  1 drivers
S_0x55a6fca60320 .scope module, "dut" "ledfsm" 2 9, 3 1 0, S_0x55a6fca601a0;
 .timescale -2 -3;
    .port_info 0 /INPUT 1 "clk"
    .port_info 1 /OUTPUT 3 "light"
P_0x55a6fca604f0 .param/l "blue" 0 3 7, C4<010>;
P_0x55a6fca60530 .param/l "green" 0 3 7, C4<100>;
P_0x55a6fca60570 .param/l "red" 0 3 7, C4<001>;
P_0x55a6fca605b0 .param/l "s0" 0 3 6, +C4<00000000000000000000000000000000>;
P_0x55a6fca605f0 .param/l "s1" 0 3 6, +C4<00000000000000000000000000000001>;
P_0x55a6fca60630 .param/l "s2" 0 3 6, +C4<00000000000000000000000000000010>;
v0x55a6fca608c0_0 .net "clk", 0 0, v0x55a6fca80b50_0;  1 drivers
v0x55a6fca80920_0 .var "light", 2 0;
v0x55a6fca80a00_0 .var "state", 1 0;
E_0x55a6fca24a50 .event posedge, v0x55a6fca608c0_0;
    .scope S_0x55a6fca60320;
T_0 ;
    %wait E_0x55a6fca24a50;
    %load/vec4 v0x55a6fca80a00_0;
    %dup/vec4;
    %pushi/vec4 0, 0, 2;
    %cmp/u;
    %jmp/1 T_0.0, 6;
    %dup/vec4;
    %pushi/vec4 1, 0, 2;
    %cmp/u;
    %jmp/1 T_0.1, 6;
    %dup/vec4;
    %pushi/vec4 2, 0, 2;
    %cmp/u;
    %jmp/1 T_0.2, 6;
    %pushi/vec4 0, 0, 2;
    %assign/vec4 v0x55a6fca80a00_0, 0;
    %pushi/vec4 1, 0, 3;
    %assign/vec4 v0x55a6fca80920_0, 0;
    %jmp T_0.4;
T_0.0 ;
    %pushi/vec4 1, 0, 2;
    %assign/vec4 v0x55a6fca80a00_0, 0;
    %pushi/vec4 2, 0, 3;
    %assign/vec4 v0x55a6fca80920_0, 0;
    %jmp T_0.4;
T_0.1 ;
    %pushi/vec4 2, 0, 2;
    %assign/vec4 v0x55a6fca80a00_0, 0;
    %pushi/vec4 4, 0, 3;
    %assign/vec4 v0x55a6fca80920_0, 0;
    %jmp T_0.4;
T_0.2 ;
    %pushi/vec4 0, 0, 2;
    %assign/vec4 v0x55a6fca80a00_0, 0;
    %pushi/vec4 1, 0, 3;
    %assign/vec4 v0x55a6fca80920_0, 0;
    %jmp T_0.4;
T_0.4 ;
    %pop/vec4 1;
    %jmp T_0;
    .thread T_0;
    .scope S_0x55a6fca601a0;
T_1 ;
    %pushi/vec4 0, 0, 1;
    %store/vec4 v0x55a6fca80b50_0, 0, 1;
    %vpi_call 2 13 "$dumpfile", "ledfsm.vcd" {0 0 0};
    %vpi_call 2 14 "$dumpvars", 32'sb00000000000000000000000000000000, S_0x55a6fca601a0 {0 0 0};
    %delay 1000, 0;
    %vpi_call 2 17 "$finish" {0 0 0};
    %end;
    .thread T_1;
    .scope S_0x55a6fca601a0;
T_2 ;
    %delay 50, 0;
    %load/vec4 v0x55a6fca80b50_0;
    %inv;
    %store/vec4 v0x55a6fca80b50_0, 0, 1;
    %jmp T_2;
    .thread T_2;
# The file index is used to find the file name in the following table.
:file_names 4;
    "N/A";
    "<interactive>";
    "ledfsm_tb.v";
    "./ledfsm.v";
