#! /usr/bin/vvp
:ivl_version "10.1 (stable)";
:ivl_delay_selection "TYPICAL";
:vpi_time_precision - 3;
:vpi_module "system";
:vpi_module "vhdl_sys";
:vpi_module "v2005_math";
:vpi_module "va_math";
S_0x55f697ee66f0 .scope module, "mux2_tb" "mux2_tb" 2 4;
 .timescale -2 -3;
v0x55f697f06e40_0 .var "a", 0 0;
v0x55f697f06f00_0 .var "b", 0 0;
v0x55f697f06fd0_0 .var "s", 0 0;
v0x55f697f070d0_0 .net "y", 0 0, v0x55f697f06cd0_0;  1 drivers
S_0x55f697ee6870 .scope module, "uut" "mux2" 2 8, 3 1 0, S_0x55f697ee66f0;
 .timescale -2 -3;
    .port_info 0 /INPUT 1 "a"
    .port_info 1 /INPUT 1 "b"
    .port_info 2 /INPUT 1 "s"
    .port_info 3 /OUTPUT 1 "y"
v0x55f697ee6a80_0 .net "a", 0 0, v0x55f697f06e40_0;  1 drivers
v0x55f697f06b40_0 .net "b", 0 0, v0x55f697f06f00_0;  1 drivers
v0x55f697f06c00_0 .net "s", 0 0, v0x55f697f06fd0_0;  1 drivers
v0x55f697f06cd0_0 .var "y", 0 0;
E_0x55f697edf570 .event edge, v0x55f697f06c00_0, v0x55f697f06b40_0, v0x55f697ee6a80_0;
    .scope S_0x55f697ee6870;
T_0 ;
    %wait E_0x55f697edf570;
    %load/vec4 v0x55f697f06c00_0;
    %flag_set/vec4 8;
    %jmp/0xz  T_0.0, 8;
    %load/vec4 v0x55f697f06b40_0;
    %store/vec4 v0x55f697f06cd0_0, 0, 1;
    %jmp T_0.1;
T_0.0 ;
    %load/vec4 v0x55f697ee6a80_0;
    %store/vec4 v0x55f697f06cd0_0, 0, 1;
T_0.1 ;
    %jmp T_0;
    .thread T_0, $push;
    .scope S_0x55f697ee66f0;
T_1 ;
    %vpi_call 2 11 "$dumpfile", "mux2.vcd" {0 0 0};
    %vpi_call 2 12 "$dumpvars", 32'sb00000000000000000000000000000000, S_0x55f697ee66f0 {0 0 0};
    %pushi/vec4 0, 0, 1;
    %store/vec4 v0x55f697f06e40_0, 0, 1;
    %pushi/vec4 0, 0, 1;
    %store/vec4 v0x55f697f06f00_0, 0, 1;
    %pushi/vec4 0, 0, 1;
    %store/vec4 v0x55f697f06fd0_0, 0, 1;
    %delay 50, 0;
    %pushi/vec4 0, 0, 1;
    %store/vec4 v0x55f697f06e40_0, 0, 1;
    %pushi/vec4 0, 0, 1;
    %store/vec4 v0x55f697f06f00_0, 0, 1;
    %pushi/vec4 1, 0, 1;
    %store/vec4 v0x55f697f06fd0_0, 0, 1;
    %delay 50, 0;
    %pushi/vec4 0, 0, 1;
    %store/vec4 v0x55f697f06e40_0, 0, 1;
    %pushi/vec4 1, 0, 1;
    %store/vec4 v0x55f697f06f00_0, 0, 1;
    %pushi/vec4 0, 0, 1;
    %store/vec4 v0x55f697f06fd0_0, 0, 1;
    %delay 50, 0;
    %pushi/vec4 0, 0, 1;
    %store/vec4 v0x55f697f06e40_0, 0, 1;
    %pushi/vec4 1, 0, 1;
    %store/vec4 v0x55f697f06f00_0, 0, 1;
    %pushi/vec4 1, 0, 1;
    %store/vec4 v0x55f697f06fd0_0, 0, 1;
    %delay 50, 0;
    %pushi/vec4 1, 0, 1;
    %store/vec4 v0x55f697f06e40_0, 0, 1;
    %pushi/vec4 0, 0, 1;
    %store/vec4 v0x55f697f06f00_0, 0, 1;
    %pushi/vec4 0, 0, 1;
    %store/vec4 v0x55f697f06fd0_0, 0, 1;
    %delay 50, 0;
    %pushi/vec4 1, 0, 1;
    %store/vec4 v0x55f697f06e40_0, 0, 1;
    %pushi/vec4 0, 0, 1;
    %store/vec4 v0x55f697f06f00_0, 0, 1;
    %pushi/vec4 1, 0, 1;
    %store/vec4 v0x55f697f06fd0_0, 0, 1;
    %delay 50, 0;
    %pushi/vec4 1, 0, 1;
    %store/vec4 v0x55f697f06e40_0, 0, 1;
    %pushi/vec4 1, 0, 1;
    %store/vec4 v0x55f697f06f00_0, 0, 1;
    %pushi/vec4 0, 0, 1;
    %store/vec4 v0x55f697f06fd0_0, 0, 1;
    %delay 50, 0;
    %pushi/vec4 1, 0, 1;
    %store/vec4 v0x55f697f06e40_0, 0, 1;
    %pushi/vec4 1, 0, 1;
    %store/vec4 v0x55f697f06f00_0, 0, 1;
    %pushi/vec4 1, 0, 1;
    %store/vec4 v0x55f697f06fd0_0, 0, 1;
    %delay 50, 0;
    %vpi_call 2 23 "$finish" {0 0 0};
    %end;
    .thread T_1;
# The file index is used to find the file name in the following table.
:file_names 4;
    "N/A";
    "<interactive>";
    "mux2_tb.v";
    "./mux2.v";
