#! /usr/bin/vvp
:ivl_version "10.3 (stable)";
:ivl_delay_selection "TYPICAL";
:vpi_time_precision + 0;
:vpi_module "system";
:vpi_module "vhdl_sys";
:vpi_module "v2005_math";
:vpi_module "va_math";
S_0x5593be29d240 .scope module, "ram_tb" "ram_tb" 2 3;
 .timescale 0 0;
v0x5593be2b3270_0 .var "addr", 9 0;
v0x5593be2b3350_0 .var "din", 7 0;
v0x5593be2b3420_0 .net "dout", 7 0, L_0x5593be266ab0;  1 drivers
v0x5593be2b3520_0 .var/i "k", 31 0;
v0x5593be2b35c0_0 .var/i "myseed", 31 0;
v0x5593be2b36a0_0 .var "select", 0 0;
v0x5593be2b3740_0 .var "wr", 0 0;
S_0x5593be29d3c0 .scope module, "RAM" "ram" 2 14, 3 1 0, S_0x5593be29d240;
 .timescale 0 0;
    .port_info 0 /OUTPUT 8 "dout"
    .port_info 1 /INPUT 8 "din"
    .port_info 2 /INPUT 10 "addr"
    .port_info 3 /INPUT 1 "wr"
    .port_info 4 /INPUT 1 "cs"
P_0x5593be266070 .param/l "addr_size" 0 3 3, +C4<00000000000000000000000000001010>;
P_0x5593be2660b0 .param/l "memory_size" 0 3 3, +C4<00000000000000000000010000000000>;
P_0x5593be2660f0 .param/l "word_size" 0 3 3, +C4<00000000000000000000000000001000>;
L_0x5593be266ab0 .functor BUFZ 8, L_0x5593be2b3810, C4<00000000>, C4<00000000>, C4<00000000>;
v0x5593be266290_0 .net *"_s0", 7 0, L_0x5593be2b3810;  1 drivers
v0x5593be2b2ad0_0 .net *"_s2", 11 0, L_0x5593be2b3910;  1 drivers
L_0x7f5176418018 .functor BUFT 1, C4<00>, C4<0>, C4<0>, C4<0>;
v0x5593be2b2bb0_0 .net *"_s5", 1 0, L_0x7f5176418018;  1 drivers
v0x5593be2b2ca0_0 .net "addr", 9 0, v0x5593be2b3270_0;  1 drivers
v0x5593be2b2d80_0 .net "cs", 0 0, v0x5593be2b36a0_0;  1 drivers
v0x5593be2b2e90_0 .net "din", 7 0, v0x5593be2b3350_0;  1 drivers
v0x5593be2b2f70_0 .net "dout", 7 0, L_0x5593be266ab0;  alias, 1 drivers
v0x5593be2b3050 .array "mem", 1023 0, 7 0;
v0x5593be2b3110_0 .net "wr", 0 0, v0x5593be2b3740_0;  1 drivers
E_0x5593be29bec0 .event edge, v0x5593be2b2d80_0, v0x5593be2b3110_0;
L_0x5593be2b3810 .array/port v0x5593be2b3050, L_0x5593be2b3910;
L_0x5593be2b3910 .concat [ 10 2 0 0], v0x5593be2b3270_0, L_0x7f5176418018;
    .scope S_0x5593be29d3c0;
T_0 ;
    %wait E_0x5593be29bec0;
    %load/vec4 v0x5593be2b3110_0;
    %flag_set/vec4 8;
    %jmp/0xz  T_0.0, 8;
    %load/vec4 v0x5593be2b2e90_0;
    %load/vec4 v0x5593be2b2ca0_0;
    %pad/u 12;
    %ix/vec4 4;
    %store/vec4a v0x5593be2b3050, 4, 0;
T_0.0 ;
    %jmp T_0;
    .thread T_0, $push;
    .scope S_0x5593be29d240;
T_1 ;
    %pushi/vec4 0, 0, 32;
    %store/vec4 v0x5593be2b3520_0, 0, 32;
T_1.0 ;
    %load/vec4 v0x5593be2b3520_0;
    %cmpi/s 1024, 0, 32;
    %jmp/0xz T_1.1, 5;
    %load/vec4 v0x5593be2b3520_0;
    %load/vec4 v0x5593be2b3520_0;
    %add;
    %pushi/vec4 256, 0, 32;
    %mod/s;
    %pad/s 8;
    %store/vec4 v0x5593be2b3350_0, 0, 8;
    %pushi/vec4 1, 0, 1;
    %store/vec4 v0x5593be2b3740_0, 0, 1;
    %pushi/vec4 1, 0, 1;
    %store/vec4 v0x5593be2b36a0_0, 0, 1;
    %delay 2, 0;
    %load/vec4 v0x5593be2b3520_0;
    %pad/s 10;
    %store/vec4 v0x5593be2b3270_0, 0, 10;
    %pushi/vec4 0, 0, 1;
    %store/vec4 v0x5593be2b3740_0, 0, 1;
    %pushi/vec4 0, 0, 1;
    %store/vec4 v0x5593be2b36a0_0, 0, 1;
    %load/vec4 v0x5593be2b3520_0;
    %addi 1, 0, 32;
    %store/vec4 v0x5593be2b3520_0, 0, 32;
    %jmp T_1.0;
T_1.1 ;
    %pushi/vec4 20, 0, 32;
T_1.2 %dup/vec4;
    %pushi/vec4 0, 0, 32;
    %cmp/s;
    %jmp/1xz T_1.3, 5;
    %jmp/1 T_1.3, 4;
    %pushi/vec4 1, 0, 32;
    %sub;
    %delay 2, 0;
    %vpi_func 2 30 "$random" 32, v0x5593be2b35c0_0 {0 0 0};
    %pushi/vec4 1024, 0, 32;
    %mod/s;
    %pad/s 10;
    %store/vec4 v0x5593be2b3270_0, 0, 10;
    %pushi/vec4 0, 0, 1;
    %store/vec4 v0x5593be2b3740_0, 0, 1;
    %pushi/vec4 1, 0, 1;
    %store/vec4 v0x5593be2b36a0_0, 0, 1;
    %vpi_call 2 33 "$display", "Adress: %5d Data : %4d", v0x5593be2b3270_0, v0x5593be2b3420_0 {0 0 0};
    %jmp T_1.2;
T_1.3 ;
    %pop/vec4 1;
    %end;
    .thread T_1;
    .scope S_0x5593be29d240;
T_2 ;
    %pushi/vec4 35, 0, 32;
    %store/vec4 v0x5593be2b35c0_0, 0, 32;
    %end;
    .thread T_2;
# The file index is used to find the file name in the following table.
:file_names 4;
    "N/A";
    "<interactive>";
    "ram_tb.v";
    "./ram.v";
